make all --print-data-base --no-builtin-variables --no-builtin-rules --question
make: *** No rule to make target 'all'.  Stop.

# GNU Make 4.3
# Built for x86_64-pc-linux-gnu
# Copyright (C) 1988-2020 Free Software Foundation, Inc.
# License GPLv3+: GNU GPL version 3 or later <http://gnu.org/licenses/gpl.html>
# This is free software: you are free to change and redistribute it.
# There is NO WARRANTY, to the extent permitted by law.

# Make data base, printed on Wed Sep 28 08:49:48 2022

# Variables

# environment
GDK_BACKEND = x11
# environment
LC_ALL = C
# environment
GNOME_SHELL_SESSION_MODE = pop
# environment
SSH_AGENT_LAUNCHER = gnome-keyring
# environment
FNM_DIR = /home/dean/.fnm
# environment
PNPM_HOME = /home/dean/.local/share/pnpm
# environment
GJS_DEBUG_OUTPUT = stderr
# environment
VSCODE_IPC_HOOK_EXTHOST = /run/user/1000/vscode-ipc-10d46b44-cf91-428a-a1e3-d242c6a96c4b.sock
# environment
LC_NAME = en_US.UTF-8
# environment
LC_NUMERIC = en_US.UTF-8
# environment
VSCODE_CWD = /home/dean
# environment
WINDOWPATH = 2
# environment
NVM_DIR = /home/dean/.nvm
# environment
LC_ADDRESS = en_US.UTF-8
# environment
LIBVIRT_DEFAULT_URI = qemu:///system
# default
MAKE_COMMAND := make
# environment
QT_ACCESSIBILITY = 1
# automatic
@D = $(patsubst %/,%,$(dir $@))
# makefile (from 'Makefile', line 5)
REV := 46f6dbd
# environment
VSCODE_HANDLES_UNCAUGHT_ERRORS = true
# default
.VARIABLES := 
# environment
PWD = /home/dean/greymass/unicove
# automatic
%D = $(patsubst %/,%,$(dir $%))
# environment
XDG_DATA_DIRS = /usr/share/pop:/usr/share/gnome:/home/dean/.local/share/flatpak/exports/share:/var/lib/flatpak/exports/share:/usr/local/share/:/usr/share/:/var/lib/snapd/desktop
# automatic
^D = $(patsubst %/,%,$(dir $^))
# environment
VSCODE_LOG_STACK = false
# automatic
%F = $(notdir $%)
# environment
NVM_INC = /home/dean/.nvm/versions/node/v17.4.0/include/node
# environment
CONDA_PROMPT_MODIFIER = (base) 
# environment
VSCODE_CODE_CACHE_PATH = /home/dean/.config/Code/CachedData/c3511e6c69bb39013c4a4b7b9566ec1ca73fc4d5
# environment
FNM_VERSION_FILE_STRATEGY = local
# environment
LANG = C
# environment
XAUTHORITY = /run/user/1000/gdm/Xauthority
# default
.LOADED := 
# default
.INCLUDE_DIRS = /usr/local/include /usr/include /usr/include
# environment
FNM_NODE_DIST_MIRROR = https://nodejs.org/dist
# makefile
MAKEFLAGS = pqrR
# environment
FNM_LOGLEVEL = info
# makefile
CURDIR := /home/dean/greymass/unicove
# environment
VSCODE_PIPE_LOGGING = true
# environment
APPLICATION_INSIGHTS_NO_DIAGNOSTIC_CHANNEL = 1
# environment
LESSOPEN = | /usr/bin/lesspipe %s
# automatic
*D = $(patsubst %/,%,$(dir $*))
# environment
FNM_ARCH = x64
# environment
MFLAGS = -pqrR
# environment
SSH_AUTH_SOCK = /run/user/1000/keyring/ssh
# default
.SHELLFLAGS := -c
# environment
NVM_BIN = /home/dean/.nvm/versions/node/v17.4.0/bin
# environment
XDG_CONFIG_DIRS = /etc/xdg/xdg-pop:/etc/xdg
# automatic
+D = $(patsubst %/,%,$(dir $+))
# environment
XDG_SESSION_DESKTOP = pop
# makefile (from 'Makefile', line 1)
MAKEFILE_LIST := Makefile
# environment
CONDA_SHLVL = 1
# automatic
@F = $(notdir $@)
# environment
VSCODE_VERBOSE_LOGGING = true
# environment
VSCODE_PID = 18222
# makefile (from 'Makefile', line 6)
BRANCH := sveltekit
# environment
XDG_SESSION_TYPE = x11
# automatic
?D = $(patsubst %/,%,$(dir $?))
# environment
CONDA_PYTHON_EXE = /home/dean/anaconda3/bin/python
# environment
SESSION_MANAGER = local/pop-os:@/tmp/.ICE-unix/1892,unix/pop-os:/tmp/.ICE-unix/1892
# automatic
*F = $(notdir $*)
# environment
CHROME_DESKTOP = code-url-handler.desktop
# environment
DBUS_SESSION_BUS_ADDRESS = unix:path=/run/user/1000/bus
# automatic
<D = $(patsubst %/,%,$(dir $<))
# environment
VSCODE_NLS_CONFIG = {"locale":"en-us","availableLanguages":{},"_languagePackSupport":true}
# default
MAKE_HOST := x86_64-pc-linux-gnu
# environment
GNOME_DESKTOP_SESSION_ID = this-is-deprecated
# environment
CONDA_PREFIX = /home/dean/anaconda3
# makefile
SHELL = /bin/sh
# default
MAKECMDGOALS := all
# environment
XMODIFIERS = @im=ibus
# environment
GJS_DEBUG_TOPICS = JS ERROR;JS LOG
# environment
SHLVL = 0
# environment
MAKELEVEL := 0
# default
MAKE = $(MAKE_COMMAND)
# environment
PATH = /home/dean/.local/bin:/home/dean/anaconda3/bin:/home/dean/anaconda3/condabin:/home/dean/.local/share/pnpm:/run/user/1000/fnm_multishells/156484_1659637515347/bin:/run/user/1000/fnm_multishells/18567_1664380186567/bin:/home/dean/.fnm:/home/dean/.nvm/versions/node/v17.4.0/bin:/home/dean/.local/bin:/usr/local/sbin:/usr/local/bin:/usr/sbin:/usr/bin:/sbin:/bin:/usr/games:/usr/local/games:/snap/bin:/snap/bin
# default
MAKEFILES := 
# environment
LANGUAGE = en_US:en
# environment
LC_MONETARY = en_US.UTF-8
# automatic
^F = $(notdir $^)
# environment
LC_TIME = en_US.UTF-8
# environment
INVOCATION_ID = 51a8ddeeff7b439f8fefa70c18961b10
# environment
FNM_MULTISHELL_PATH = /run/user/1000/fnm_multishells/156484_1659637515347
# environment
VSCODE_LOG_NATIVE = false
# environment
USERNAME = dean
# environment
LC_TELEPHONE = en_US.UTF-8
# environment
LESSCLOSE = /usr/bin/lesspipe %s %s
# automatic
?F = $(notdir $?)
# environment
GTK_IM_MODULE = ibus
# environment
XDG_CURRENT_DESKTOP = Unity
# environment
LS_COLORS = 
# automatic
+F = $(notdir $+)
# environment
DESKTOP_SESSION = pop
# environment
ORIGINAL_XDG_CURRENT_DESKTOP = pop:GNOME
# 'override' directive
GNUMAKEFLAGS := 
# environment
CONDA_DEFAULT_ENV = base
# environment
LOGNAME = dean
# environment
GIO_LAUNCHED_DESKTOP_FILE = /usr/share/applications/code.desktop
# makefile
.DEFAULT_GOAL := build
# environment
SYSTEMD_EXEC_PID = 1915
# environment
EDITOR = nvim
# environment
DISPLAY = :0
# environment
USER = dean
# environment
GTK_MODULES = gail:atk-bridge:appmenu-gtk-module
# default
MAKE_VERSION := 4.3
# makefile (from 'Makefile', line 1)
SRC_FILES := src/lib/readable-object.ts src/db.ts src/App.svelte src/pages/loading.svelte src/pages/_components/index.svelte src/pages/_components/icons.svelte src/pages/_components/qrcode.svelte src/pages/_components/modals.svelte src/pages/_components/progress.svelte src/pages/_components/buttons.svelte src/pages/_components/forms.svelte src/pages/_components/segments.svelte src/pages/_components/tx-follower.svelte src/pages/_components/inputs.svelte src/pages/resources/index.svelte src/pages/resources/pages/net/fuel.svelte src/pages/resources/pages/net/rex.svelte src/pages/resources/pages/net/staking.svelte src/pages/resources/pages/net/powerup.svelte src/pages/resources/pages/cpu.svelte src/pages/resources/pages/index.svelte src/pages/resources/pages/net.svelte src/pages/resources/pages/cpu/fuel.svelte src/pages/resources/pages/cpu/rex.svelte src/pages/resources/pages/cpu/staking.svelte src/pages/resources/pages/cpu/powerup.svelte src/pages/resources/pages/ram/buy.svelte src/pages/resources/pages/ram/sell.svelte src/pages/resources/resources.ts src/pages/resources/components/forms/rambuy.svelte src/pages/resources/components/forms/fuel.svelte src/pages/resources/components/forms/rex.svelte src/pages/resources/components/forms/staking.svelte src/pages/resources/components/forms/powerup.svelte src/pages/resources/components/forms/ramsell.svelte src/pages/resources/components/state/prices.svelte src/pages/resources/components/state/cpu.svelte src/pages/resources/components/state/index.svelte src/pages/resources/components/state/net.svelte src/pages/resources/components/state/ram.svelte src/pages/login.svelte src/pages/transfer/step/sending.svelte src/pages/transfer/step/receive.svelte src/pages/transfer/step/amount.svelte src/pages/transfer/step/confirm.svelte src/pages/transfer/step/recipient.svelte src/pages/transfer/step/token.svelte src/pages/transfer/fio.ts src/pages/transfer/index.svelte src/pages/transfer/field-container/index.svelte src/pages/transfer/field-container/status-icon.svelte src/pages/transfer/status/address.svelte src/pages/transfer/status/account.svelte src/pages/transfer/status/quantity.svelte src/pages/transfer/status/template/completed.svelte src/pages/transfer/status/template/change.svelte src/pages/transfer/status/template/container.svelte src/pages/transfer/status/fee.svelte src/pages/transfer/status/memo.svelte src/pages/transfer/status/recipient.svelte src/pages/transfer/status/token.svelte src/pages/transfer/transfer.ts src/pages/transfer/main.svelte src/pages/request/request.ts src/pages/request/index.svelte src/pages/request/requests/default.svelte src/pages/request/requests/loading.svelte src/pages/request/requests/newaccount.svelte src/pages/request/resources.ts src/pages/request/template.ts src/pages/dashboard/index.svelte src/pages/dashboard/number.svelte src/pages/dashboard/headerrow.svelte src/pages/dashboard/row.svelte src/pages/dashboard/table.svelte src/routes/+error.svelte src/routes/+page.ts src/routes/+page.svelte src/routes/+layout.svelte src/main.ts src/abi-types.ts src/preferences.ts src/app.html src/config.ts src/ui-types.ts src/price-ticker.ts src/store.ts src/stores/toast.ts src/stores/account-provider.ts src/stores/balances.ts src/stores/balances-provider.ts src/stores/tokens.ts src/style/global.scss src/style/reset.scss src/components/elements/image/token.svelte src/components/elements/toast.svelte src/components/elements/segment.svelte src/components/elements/unicove.svelte src/components/elements/card.svelte src/components/elements/button.svelte src/components/elements/text.svelte src/components/elements/input.svelte src/components/elements/modal/trigger.svelte src/components/elements/qrcode.svelte src/components/elements/toasts.svelte src/components/elements/nav.svelte src/components/elements/icon.svelte src/components/elements/logo.svelte src/components/elements/input/labelled.svelte src/components/elements/input/account/lookup.svelte src/components/elements/input/label.svelte src/components/elements/input/asset.svelte src/components/elements/input/account.svelte src/components/elements/input/publicKey.svelte src/components/elements/input/errorMessage.svelte src/components/elements/input/validators/presence.ts src/components/elements/input/validators/asset.ts src/components/elements/input/validators/account.ts src/components/elements/input/validators/publicKey.ts src/components/elements/input/token/selector.svelte src/components/elements/input/token/selector/row.svelte src/components/elements/clipboard.svelte src/components/elements/segment/group.svelte src/components/elements/progress.svelte src/components/elements/modal.svelte src/components/elements/gauge.svelte src/components/elements/form.svelte src/components/elements/form/balance.svelte src/components/elements/form/transaction.svelte src/components/elements/button/mode.svelte src/components/elements/button/login.svelte src/components/elements/unicove-animated.svelte src/components/elements/features.svelte src/components/elements/notification/transaction/success.svelte src/components/elements/image.svelte src/components/utils/media-query.svelte src/components/layout/account/button.svelte src/components/layout/account/list.svelte src/components/layout/account/sidebar.svelte src/components/layout/page.svelte src/components/layout/navigation/index.svelte src/components/layout/navigation/button.svelte src/components/layout/navigation/content.svelte src/components/layout/header.svelte src/components/tx-follower/index.svelte src/components/tx-follower/advanced.svelte src/components/tx-follower/summary.svelte src/components/tx-follower/utils.ts src/api-client.ts src/auth.ts src/helpers.ts
# 'override' directive
.SHELLSTATUS := 0
# environment
MANAGERPID = 1688
# environment
LC_MEASUREMENT = en_US.UTF-8
# environment
GIO_LAUNCHED_DESKTOP_FILE_PID = 18222
# environment
_ = /usr/share/code/code
# environment
LC_PAPER = en_US.UTF-8
# makefile (from 'Makefile', line 2)
BIN := ./node_modules/.bin
# environment
XDG_RUNTIME_DIR = /run/user/1000
# environment
GPG_AGENT_INFO = /run/user/1000/gnupg/S.gpg-agent:0:1
# environment
_CE_M = 
# environment
NVM_CD_FLAGS = 
# environment
JOURNAL_STREAM = 8:46230
# environment
VISUAL = nvim
# environment
XDG_SESSION_CLASS = user
# environment
VSCODE_AMD_ENTRYPOINT = vs/workbench/api/node/extensionHostProcess
# environment
HOME = /home/dean
# environment
QT_IM_MODULE = ibus
# environment
ELECTRON_RUN_AS_NODE = 1
# environment
VSCODE_IPC_HOOK = /run/user/1000/vscode-b203e0d0-1.67.2-main.sock
# environment
PAPERSIZE = letter
# default
.RECIPEPREFIX := 
# automatic
<F = $(notdir $<)
# default
 
SUFFIXES := 
 
# default
 
.FEATURES := target-specific order-only second-expansion else-if shortest-stem undefine oneshell nocomment grouped-target extra-prereqs archives jobserver output-sync check-symlink load
# environment
XDG_MENU_PREFIX = gnome-
# environment
CONDA_EXE = /home/dean/anaconda3/bin/conda
# environment
_CE_CONDA = 
# environment
GDMSESSION = pop
# environment
LC_IDENTIFICATION = en_US.UTF-8
 
# variable set hash-table stats:
# Load=136/1024=13%, Rehash=0, Collisions=6/178=3%

# Pattern-specific Variable Values

# No pattern-specific variable values.

# Directories

# . (device 66305, inode 20578507): 23 files, no impossibilities.

# 23 files, no impossibilities in 1 directories.

# Implicit Rules

# No implicit rules.

# Files

# Not a target:
src/pages/request/resources.ts:
#  Implicit rule search has not been done.
#  Modification time never checked.
#  File has not been updated.

# Not a target:
src/stores/balances-provider.ts:
#  Implicit rule search has not been done.
#  Modification time never checked.
#  File has not been updated.

# Not a target:
src/abi-types.ts:
#  Implicit rule search has not been done.
#  Modification time never checked.
#  File has not been updated.

# Not a target:
src/pages/resources/components/forms/powerup.svelte:
#  Implicit rule search has not been done.
#  Modification time never checked.
#  File has not been updated.

check: node_modules
#  Phony target (prerequisite of .PHONY).
#  Implicit rule search has not been done.
#  File does not exist.
#  File has not been updated.
#  recipe to execute (from 'Makefile', line 22):
	@${BIN}/svelte-check
	@${BIN}/prettier -c src
	@${BIN}/eslint --max-warnings 0 src

# Not a target:
src/components/elements/modal/trigger.svelte:
#  Implicit rule search has not been done.
#  Modification time never checked.
#  File has not been updated.

# Not a target:
 
src/pages/request/request.ts:
#  Implicit rule search has not been done.
#  Modification time never checked.
#  File has not been updated.

distclean: clean
#  Phony target (prerequisite of .PHONY).
#  Implicit rule search has not been done.
#  File does not exist.
#  File has not been updated.
#  recipe to execute (from 'Makefile', line 39):
	rm -rf node_modules/

# Not a target:
src/components/layout/account/button.svelte:
#  Implicit rule search has not been done.
#  Modification time never checked.
#  File has not been updated.

# Not a target:
src/pages/_components/segments.svelte:
#  Implicit rule search has not been done.
#  Modification time never checked.
#  File has not been updated.

# Not a target:
src/pages/resources/pages/index.svelte:
#  Implicit rule search has not been done.
#  Modification time never checked.
#  File has not been updated.

# Not a target:
src/components/elements/button.svelte:
#  Implicit rule search has not been done.
#  Modification time never checked.
#  File has not been updated.

# Not a target:
src/components/elements/nav.svelte:
#  Implicit rule search has not been done.
#  Modification time never checked.
#  File has not been updated.

# Not a target:
src/pages/transfer/step/confirm.svelte:
#  Implicit rule search has not been done.
#  Modification time never checked.
#  File has not been updated.

# Not a target:
 
src/pages/transfer/status/address.svelte:
#  Implicit rule search has not been done.
#  Modification time never checked.
#  File has not been updated.

# Not a target:
src/pages/resources/pages/net/fuel.svelte:
#  Implicit rule search has not been done.
#  Modification time never checked.
#  File has not been updated.

# Not a target:
src/components/elements/segment/group.svelte:
#  Implicit rule search has not been done.
#  Modification time never checked.
#  File has not been updated.

# Not a target:
src/pages/resources/components/state/ram.svelte:
#  Implicit rule search has not been done.
#  Modification time never checked.
#  File has not been updated.

# Not a target:
src/pages/resources/pages/net/staking.svelte:
#  Implicit rule search has not been done.
#  Modification time never checked.
#  File has not been updated.

# Not a target:
src/pages/resources/components/state/index.svelte:
#  Implicit rule search has not been done.
#  Modification time never checked.
#  File has not been updated.

# Not a target:
src/pages/transfer/status/memo.svelte:
#  Implicit rule search has not been done.
#  Modification time never checked.
#  File has not been updated.

# Not a target:
src/pages/transfer/status/account.svelte:
#  Implicit rule search has not been done.
#  Modification time never checked.
#  File has not been updated.

# Not a target:
src/pages/_components/modals.svelte:
#  Implicit rule search has not been done.
#  Modification time never checked.
#  File has not been updated.

# Not a target:
src/components/tx-follower/summary.svelte:
#  Implicit rule search has not been done.
#  Modification time never checked.
#  File has not been updated.

# Not a target:
src/routes/+layout.svelte:
#  Implicit rule search has not been done.
#  Modification time never checked.
#  File has not been updated.

# Not a target:
src/components/elements/input/validators/presence.ts:
#  Implicit rule search has not been done.
#  Modification time never checked.
#  File has not been updated.

# Not a target:
vite.config.js:
#  Implicit rule search has not been done.
#  Modification time never checked.
#  File has not been updated.

# Not a target:
src/price-ticker.ts:
#  Implicit rule search has not been done.
#  Modification time never checked.
#  File has not been updated.

# Not a target:
src/pages/transfer/transfer.ts:
#  Implicit rule search has not been done.
#  Modification time never checked.
#  File has not been updated.

# Not a target:
src/pages/resources/index.svelte:
#  Implicit rule search has not been done.
#  Modification time never checked.
#  File has not been updated.

# Not a target:
src/components/elements/unicove-animated.svelte:
#  Implicit rule search has not been done.
#  Modification time never checked.
#  File has not been updated.

# Not a target:
src/App.svelte:
#  Implicit rule search has not been done.
#  Modification time never checked.
#  File has not been updated.

# Not a target:
src/components/layout/navigation/button.svelte:
#  Implicit rule search has not been done.
#  Modification time never checked.
#  File has not been updated.

# Not a target:
Makefile:
#  Implicit rule search has been done.
#  Last modified 2022-09-27 10:02:38.170173283
#  File has been updated.
#  Successfully updated.

# Not a target:
src/components/elements/form/transaction.svelte:
#  Implicit rule search has not been done.
#  Modification time never checked.
#  File has not been updated.

# Not a target:
src/components/layout/header.svelte:
#  Implicit rule search has not been done.
#  Modification time never checked.
#  File has not been updated.

# Not a target:
src/components/elements/segment.svelte:
#  Implicit rule search has not been done.
#  Modification time never checked.
#  File has not been updated.

# Not a target:
src/pages/transfer/fio.ts:
#  Implicit rule search has not been done.
#  Modification time never checked.
#  File has not been updated.

# Not a target:
src/pages/transfer/field-container/index.svelte:
#  Implicit rule search has not been done.
#  Modification time never checked.
#  File has not been updated.

# Not a target:
src/pages/transfer/status/template/container.svelte:
#  Implicit rule search has not been done.
#  Modification time never checked.
#  File has not been updated.

# Not a target:
src/components/layout/page.svelte:
#  Implicit rule search has not been done.
#  Modification time never checked.
#  File has not been updated.

# Not a target:
src/pages/resources/pages/net/powerup.svelte:
#  Implicit rule search has not been done.
#  Modification time never checked.
#  File has not been updated.

# Not a target:
src/components/elements/input/publicKey.svelte:
#  Implicit rule search has not been done.
#  Modification time never checked.
#  File has not been updated.

# Not a target:
src/pages/resources/pages/cpu/rex.svelte:
#  Implicit rule search has not been done.
#  Modification time never checked.
#  File has not been updated.

# Not a target:
src/components/elements/input.svelte:
#  Implicit rule search has not been done.
#  Modification time never checked.
#  File has not been updated.

# Not a target:
src/components/elements/input/asset.svelte:
#  Implicit rule search has not been done.
#  Modification time never checked.
#  File has not been updated.

# Not a target:
src/api-client.ts:
#  Implicit rule search has not been done.
#  Modification time never checked.
#  File has not been updated.

# Not a target:
src/pages/transfer/status/token.svelte:
#  Implicit rule search has not been done.
#  Modification time never checked.
#  File has not been updated.

# Not a target:
src/pages/transfer/field-container/status-icon.svelte:
#  Implicit rule search has not been done.
#  Modification time never checked.
#  File has not been updated.

# Not a target:
src/pages/dashboard/table.svelte:
#  Implicit rule search has not been done.
#  Modification time never checked.
#  File has not been updated.

# Not a target:
src/components/tx-follower/advanced.svelte:
#  Implicit rule search has not been done.
#  Modification time never checked.
#  File has not been updated.

# Not a target:
src/lib/readable-object.ts:
#  Implicit rule search has not been done.
#  Modification time never checked.
#  File has not been updated.

# Not a target:
src/pages/_components/progress.svelte:
#  Implicit rule search has not been done.
#  Modification time never checked.
#  File has not been updated.

# Not a target:
src/pages/resources/components/state/net.svelte:
#  Implicit rule search has not been done.
#  Modification time never checked.
#  File has not been updated.

clean:
#  Phony target (prerequisite of .PHONY).
#  Implicit rule search has not been done.
#  File does not exist.
#  File has not been updated.
#  recipe to execute (from 'Makefile', line 35):
	rm -rf build/

# Not a target:
src/pages/_components/inputs.svelte:
#  Implicit rule search has not been done.
#  Modification time never checked.
#  File has not been updated.

# Not a target:
src/components/elements/image.svelte:
#  Implicit rule search has not been done.
#  Modification time never checked.
#  File has not been updated.

# Not a target:
src/pages/_components/forms.svelte:
#  Implicit rule search has not been done.
#  Modification time never checked.
#  File has not been updated.

# Not a target:
src/components/elements/image/token.svelte:
#  Implicit rule search has not been done.
#  Modification time never checked.
#  File has not been updated.

# Not a target:
src/components/elements/progress.svelte:
#  Implicit rule search has not been done.
#  Modification time never checked.
#  File has not been updated.

# Not a target:
src/components/utils/media-query.svelte:
#  Implicit rule search has not been done.
#  Modification time never checked.
#  File has not been updated.

# Not a target:
src/db.ts:
#  Implicit rule search has not been done.
#  Modification time never checked.
#  File has not been updated.

# Not a target:
src/stores/account-provider.ts:
#  Implicit rule search has not been done.
#  Modification time never checked.
#  File has not been updated.

# Not a target:
src/components/elements/features.svelte:
#  Implicit rule search has not been done.
#  Modification time never checked.
#  File has not been updated.

# Not a target:
src/components/elements/form.svelte:
#  Implicit rule search has not been done.
#  Modification time never checked.
#  File has not been updated.

# Not a target:
src/components/elements/qrcode.svelte:
#  Implicit rule search has not been done.
#  Modification time never checked.
#  File has not been updated.

# Not a target:
src/pages/resources/resources.ts:
#  Implicit rule search has not been done.
#  Modification time never checked.
#  File has not been updated.

# Not a target:
src/pages/resources/pages/cpu/fuel.svelte:
#  Implicit rule search has not been done.
#  Modification time never checked.
#  File has not been updated.

# Not a target:
src/helpers.ts:
#  Implicit rule search has not been done.
#  Modification time never checked.
#  File has not been updated.

# Not a target:
src/pages/_components/index.svelte:
#  Implicit rule search has not been done.
#  Modification time never checked.
#  File has not been updated.

# Not a target:
src/components/elements/input/validators/asset.ts:
#  Implicit rule search has not been done.
#  Modification time never checked.
#  File has not been updated.

# Not a target:
src/pages/resources/pages/net/rex.svelte:
#  Implicit rule search has not been done.
#  Modification time never checked.
#  File has not been updated.

# Not a target:
src/components/elements/clipboard.svelte:
#  Implicit rule search has not been done.
#  Modification time never checked.
#  File has not been updated.

# Not a target:
src/store.ts:
#  Implicit rule search has not been done.
#  Modification time never checked.
#  File has not been updated.

# Not a target:
tsconfig.json:
#  Implicit rule search has not been done.
#  Modification time never checked.
#  File has not been updated.

# Not a target:
src/pages/loading.svelte:
#  Implicit rule search has not been done.
#  Modification time never checked.
#  File has not been updated.

# Not a target:
src/pages/transfer/status/template/completed.svelte:
#  Implicit rule search has not been done.
#  Modification time never checked.
#  File has not been updated.

# Not a target:
src/pages/transfer/status/fee.svelte:
#  Implicit rule search has not been done.
#  Modification time never checked.
#  File has not been updated.

# Not a target:
src/pages/request/requests/loading.svelte:
#  Implicit rule search has not been done.
#  Modification time never checked.
#  File has not been updated.

.EXPORT_ALL_VARIABLES:
#  Implicit rule search has not been done.
#  Modification time never checked.
#  File has not been updated.

# Not a target:
src/routes/+page.ts:
#  Implicit rule search has not been done.
#  Modification time never checked.
#  File has not been updated.

# Not a target:
src/pages/transfer/step/receive.svelte:
#  Implicit rule search has not been done.
 
#  Modification time never checked.
#  File has not been updated.

# Not a target:
src/components/elements/input/validators/account.ts:
#  Implicit rule search has not been done.
#  Modification time never checked.
#  File has not been updated.

# Not a target:
src/components/layout/account/sidebar.svelte:
#  Implicit rule search has not been done.
#  Modification time never checked.
#  File has not been updated.

# Not a target:
src/pages/transfer/step/token.svelte:
#  Implicit rule search has not been done.
#  Modification time never checked.
#  File has not been updated.

# Not a target:
src/style/global.scss:
#  Implicit rule search has not been done.
#  Modification time never checked.
#  File has not been updated.

# Not a target:
src/pages/transfer/index.svelte:
#  Implicit rule search has not been done.
#  Modification time never checked.
#  File has not been updated.

# Not a target:
.DEFAULT:
#  Implicit rule search has not been done.
#  Modification time never checked.
#  File has not been updated.

# Not a target:
src/components/elements/input/errorMessage.svelte:
#  Implicit rule search has not been done.
#  Modification time never checked.
#  File has not been updated.

# Not a target:
src/components/elements/input/token/selector.svelte:
#  Implicit rule search has not been done.
#  Modification time never checked.
#  File has not been updated.

dev: node_modules
#  Phony target (prerequisite of .PHONY).
#  Implicit rule search has not been done.
#  File does not exist.
#  File has not been updated.
#  recipe to execute (from 'Makefile', line 14):
	@${BIN}/vite dev

# Not a target:
src/pages/transfer/step/amount.svelte:
#  Implicit rule search has not been done.
#  Modification time never checked.
#  File has not been updated.

# Not a target:
all:
#  Command line target.
#  Implicit rule search has been done.
#  File does not exist.
#  File has not been updated.

# Not a target:
src/pages/resources/components/forms/rex.svelte:
#  Implicit rule search has not been done.
#  Modification time never checked.
#  File has not been updated.

# Not a target:
src/pages/resources/pages/ram/buy.svelte:
#  Implicit rule search has not been done.
#  Modification time never checked.
#  File has not been updated.

# Not a target:
src/ui-types.ts:
#  Implicit rule search has not been done.
#  Modification time never checked.
#  File has not been updated.

# Not a target:
src/components/elements/form/balance.svelte:
#  Implicit rule search has not been done.
#  Modification time never checked.
#  File has not been updated.

# Not a target:
src/components/layout/navigation/content.svelte:
#  Implicit rule search has not been done.
#  Modification time never checked.
#  File has not been updated.

# Not a target:
src/auth.ts:
#  Implicit rule search has not been done.
#  Modification time never checked.
#  File has not been updated.

build: src/lib/readable-object.ts src/db.ts src/App.svelte src/pages/loading.svelte src/pages/_components/index.svelte src/pages/_components/icons.svelte src/pages/_components/qrcode.svelte src/pages/_components/modals.svelte src/pages/_components/progress.svelte src/pages/_components/buttons.svelte src/pages/_components/forms.svelte src/pages/_components/segments.svelte src/pages/_components/tx-follower.svelte src/pages/_components/inputs.svelte src/pages/resources/index.svelte src/pages/resources/pages/net/fuel.svelte src/pages/resources/pages/net/rex.svelte src/pages/resources/pages/net/staking.svelte src/pages/resources/pages/net/powerup.svelte src/pages/resources/pages/cpu.svelte src/pages/resources/pages/index.svelte src/pages/resources/pages/net.svelte src/pages/resources/pages/cpu/fuel.svelte src/pages/resources/pages/cpu/rex.svelte src/pages/resources/pages/cpu/staking.svelte src/pages/resources/pages/cpu/powerup.svelte src/pages/resources/pages/ram/buy.svelte src/pages/resources/pages/ram/sell.svelte src/pages/resources/resources.ts src/pages/resources/components/forms/rambuy.svelte src/pages/resources/components/forms/fuel.svelte src/pages/resources/components/forms/rex.svelte src/pages/resources/components/forms/staking.svelte src/pages/resources/components/forms/powerup.svelte src/pages/resources/components/forms/ramsell.svelte src/pages/resources/components/state/prices.svelte src/pages/resources/components/state/cpu.svelte src/pages/resources/components/state/index.svelte src/pages/resources/components/state/net.svelte src/pages/resources/components/state/ram.svelte src/pages/login.svelte src/pages/transfer/step/sending.svelte src/pages/transfer/step/receive.svelte src/pages/transfer/step/amount.svelte src/pages/transfer/step/confirm.svelte src/pages/transfer/step/recipient.svelte src/pages/transfer/step/token.svelte src/pages/transfer/fio.ts src/pages/transfer/index.svelte src/pages/transfer/field-container/index.svelte src/pages/transfer/field-container/status-icon.svelte src/pages/transfer/status/address.svelte src/pages/transfer/status/account.svelte src/pages/transfer/status/quantity.svelte src/pages/transfer/status/template/completed.svelte src/pages/transfer/status/template/change.svelte src/pages/transfer/status/template/container.svelte src/pages/transfer/status/fee.svelte src/pages/transfer/status/memo.svelte src/pages/transfer/status/recipient.svelte src/pages/transfer/status/token.svelte src/pages/transfer/transfer.ts src/pages/transfer/main.svelte src/pages/request/request.ts src/pages/request/index.svelte src/pages/request/requests/default.svelte src/pages/request/requests/loading.svelte src/pages/request/requests/newaccount.svelte src/pages/request/resources.ts src/pages/request/template.ts src/pages/dashboard/index.svelte src/pages/dashboard/number.svelte src/pages/dashboard/headerrow.svelte src/pages/dashboard/row.svelte src/pages/dashboard/table.svelte src/routes/+error.svelte src/routes/+page.ts src/routes/+page.svelte src/routes/+layout.svelte src/main.ts src/abi-types.ts src/preferences.ts src/app.html src/config.ts src/ui-types.ts src/price-ticker.ts src/store.ts src/stores/toast.ts src/stores/account-provider.ts src/stores/balances.ts src/stores/balances-provider.ts src/stores/tokens.ts src/style/global.scss src/style/reset.scss src/components/elements/image/token.svelte src/components/elements/toast.svelte src/components/elements/segment.svelte src/components/elements/unicove.svelte src/components/elements/card.svelte src/components/elements/button.svelte src/components/elements/text.svelte src/components/elements/input.svelte src/components/elements/modal/trigger.svelte src/components/elements/qrcode.svelte src/components/elements/toasts.svelte src/components/elements/nav.svelte src/components/elements/icon.svelte src/components/elements/logo.svelte src/components/elements/input/labelled.svelte src/components/elements/input/account/lookup.svelte src/components/elements/input/label.svelte src/components/elements/input/asset.svelte src/components/elements/input/account.svelte src/components/elements/input/publicKey.svelte src/components/elements/input/errorMessage.svelte src/components/elements/input/validators/presence.ts src/components/elements/input/validators/asset.ts src/components/elements/input/validators/account.ts src/components/elements/input/validators/publicKey.ts src/components/elements/input/token/selector.svelte src/components/elements/input/token/selector/row.svelte src/components/elements/clipboard.svelte src/components/elements/segment/group.svelte src/components/elements/progress.svelte src/components/elements/modal.svelte src/components/elements/gauge.svelte src/components/elements/form.svelte src/components/elements/form/balance.svelte src/components/elements/form/transaction.svelte src/components/elements/button/mode.svelte src/components/elements/button/login.svelte src/components/elements/unicove-animated.svelte src/components/elements/features.svelte src/components/elements/notification/transaction/success.svelte src/components/elements/image.svelte src/components/utils/media-query.svelte src/components/layout/account/button.svelte src/components/layout/account/list.svelte src/components/layout/account/sidebar.svelte src/components/layout/page.svelte src/components/layout/navigation/index.svelte src/components/layout/navigation/button.svelte src/components/layout/navigation/content.svelte src/components/layout/header.svelte src/components/tx-follower/index.svelte src/components/tx-follower/advanced.svelte src/components/tx-follower/summary.svelte src/components/tx-follower/utils.ts src/api-client.ts src/auth.ts src/helpers.ts node_modules package.json vite.config.js svelte.config.js tsconfig.json yarn.lock
#  Implicit rule search has not been done.
#  Modification time never checked.
#  File has not been updated.
#  recipe to execute (from 'Makefile', line 9):
	@echo "Starting build of $(BRANCH)-$(REV)"
	@${BIN}/vite build || (rm -rf build && exit 1)

# Not a target:
src/components/elements/icon.svelte:
#  Implicit rule search has not been done.
#  Modification time never checked.
#  File has not been updated.

# Not a target:
src/components/elements/input/account/lookup.svelte:
#  Implicit rule search has not been done.
#  Modification time never checked.
#  File has not been updated.

# Not a target:
src/pages/dashboard/number.svelte:
#  Implicit rule search has not been done.
#  Modification time never checked.
#  File has not been updated.

# Not a target:
src/preferences.ts:
#  Implicit rule search has not been done.
#  Modification time never checked.
#  File has not been updated.

# Not a target:
src/routes/+page.svelte:
#  Implicit rule search has not been done.
#  Modification time never checked.
#  File has not been updated.

# Not a target:
src/components/elements/gauge.svelte:
#  Implicit rule search has not been done.
#  Modification time never checked.
#  File has not been updated.

# Not a target:
src/pages/_components/tx-follower.svelte:
#  Implicit rule search has not been done.
#  Modification time never checked.
#  File has not been updated.

# Not a target:
src/components/elements/logo.svelte:
#  Implicit rule search has not been done.
#  Modification time never checked.
#  File has not been updated.

# Not a target:
src/pages/request/requests/newaccount.svelte:
#  Implicit rule search has not been done.
#  Modification time never checked.
#  File has not been updated.

# Not a target:
src/pages/_components/icons.svelte:
#  Implicit rule search has not been done.
#  Modification time never checked.
#  File has not been updated.

# Not a target:
src/components/tx-follower/index.svelte:
#  Implicit rule search has not been done.
#  Modification time never checked.
#  File has not been updated.

# Not a target:
src/components/elements/input/label.svelte:
#  Implicit rule search has not been done.
#  Modification time never checked.
#  File has not been updated.

# Not a target:
src/pages/transfer/main.svelte:
#  Implicit rule search has not been done.
#  Modification time never checked.
#  File has not been updated.

# Not a target:
src/pages/transfer/status/template/change.svelte:
#  Implicit rule search has not been done.
#  Modification time never checked.
#  File has not been updated.

# Not a target:
src/components/layout/navigation/index.svelte:
#  Implicit rule search has not been done.
#  Modification time never checked.
#  File has not been updated.

node_modules:
#  Implicit rule search has not been done.
#  Modification time never checked.
#  File has not been updated.
#  recipe to execute (from 'Makefile', line 31):
	yarn install --non-interactive --frozen-lockfile

# Not a target:
src/pages/dashboard/row.svelte:
#  Implicit rule search has not been done.
#  Modification time never checked.
#  File has not been updated.

# Not a target:
src/pages/dashboard/headerrow.svelte:
#  Implicit rule search has not been done.
#  Modification time never checked.
#  File has not been updated.

# Not a target:
src/pages/transfer/status/recipient.svelte:
#  Implicit rule search has not been done.
#  Modification time never checked.
#  File has not been updated.

# Not a target:
 
src/components/elements/card.svelte:
#  Implicit rule search has not been done.
#  Modification time never checked.
#  File has not been updated.

# Not a target:
src/components/tx-follower/utils.ts:
#  Implicit rule search has not been done.
#  Modification time never checked.
#  File has not been updated.

# Not a target:
src/pages/resources/pages/cpu.svelte:
#  Implicit rule search has not been done.
#  Modification time never checked.
#  File has not been updated.

# Not a target:
package.json:
#  Implicit rule search has not been done.
#  Modification time never checked.
#  File has not been updated.

# Not a target:
src/stores/balances.ts:
#  Implicit rule search has not been done.
#  Modification time never checked.
#  File has not been updated.

# Not a target:
svelte.config.js:
#  Implicit rule search has not been done.
#  Modification time never checked.
#  File has not been updated.

# Not a target:
src/components/elements/input/account.svelte:
#  Implicit rule search has not been done.
#  Modification time never checked.
#  File has not been updated.

# Not a target:
src/pages/resources/pages/ram/sell.svelte:
#  Implicit rule search has not been done.
#  Modification time never checked.
#  File has not been updated.

# Not a target:
src/pages/resources/components/forms/staking.svelte:
#  Implicit rule search has not been done.
#  Modification time never checked.
#  File has not been updated.

# Not a target:
src/pages/request/requests/default.svelte:
#  Implicit rule search has not been done.
#  Modification time never checked.
#  File has not been updated.

# Not a target:
src/main.ts:
#  Implicit rule search has not been done.
#  Modification time never checked.
#  File has not been updated.

# Not a target:
src/components/elements/modal.svelte:
#  Implicit rule search has not been done.
#  Modification time never checked.
#  File has not been updated.

# Not a target:
src/components/layout/account/list.svelte:
#  Implicit rule search has not been done.
#  Modification time never checked.
#  File has not been updated.

# Not a target:
src/pages/request/index.svelte:
#  Implicit rule search has not been done.
#  Modification time never checked.
#  File has not been updated.

# Not a target:
src/pages/resources/components/forms/ramsell.svelte:
#  Implicit rule search has not been done.
#  Modification time never checked.
#  File has not been updated.

# Not a target:
src/components/elements/notification/transaction/success.svelte:
#  Implicit rule search has not been done.
#  Modification time never checked.
#  File has not been updated.

# Not a target:
src/pages/resources/pages/net.svelte:
#  Implicit rule search has not been done.
#  Modification time never checked.
#  File has not been updated.

format: node_modules
#  Phony target (prerequisite of .PHONY).
#  Implicit rule search has not been done.
#  File does not exist.
#  File has not been updated.
#  recipe to execute (from 'Makefile', line 28):
	@${BIN}/prettier -w src

# Not a target:
src/pages/transfer/step/sending.svelte:
#  Implicit rule search has not been done.
#  Modification time never checked.
#  File has not been updated.

# Not a target:
src/pages/login.svelte:
#  Implicit rule search has not been done.
#  Modification time never checked.
#  File has not been updated.

serve: build
#  Phony target (prerequisite of .PHONY).
#  Implicit rule search has not been done.
#  File does not exist.
#  File has not been updated.
#  recipe to execute (from 'Makefile', line 18):
	@node server.js

# Not a target:
src/style/reset.scss:
#  Implicit rule search has not been done.
#  Modification time never checked.
#  File has not been updated.

# Not a target:
src/pages/request/template.ts:
#  Implicit rule search has not been done.
#  Modification time never checked.
#  File has not been updated.

# Not a target:
src/pages/resources/components/forms/rambuy.svelte:
#  Implicit rule search has not been done.
#  Modification time never checked.
#  File has not been updated.

# Not a target:
src/components/elements/text.svelte:
#  Implicit rule search has not been done.
#  Modification time never checked.
#  File has not been updated.

# Not a target:
src/components/elements/toasts.svelte:
#  Implicit rule search has not been done.
#  Modification time never checked.
#  File has not been updated.

# Not a target:
src/components/elements/toast.svelte:
#  Implicit rule search has not been done.
#  Modification time never checked.
#  File has not been updated.

# Not a target:
src/components/elements/input/labelled.svelte:
#  Implicit rule search has not been done.
#  Modification time never checked.
#  File has not been updated.

# Not a target:
src/pages/_components/qrcode.svelte:
#  Implicit rule search has not been done.
#  Modification time never checked.
#  File has not been updated.

# Not a target:
src/pages/dashboard/index.svelte:
#  Implicit rule search has not been done.
#  Modification time never checked.
#  File has not been updated.

# Not a target:
src/app.html:
#  Implicit rule search has not been done.
#  Modification time never checked.
#  File has not been updated.

# Not a target:
src/components/elements/input/token/selector/row.svelte:
#  Implicit rule search has not been done.
#  Modification time never checked.
#  File has not been updated.

# Not a target:
src/stores/toast.ts:
#  Implicit rule search has not been done.
#  Modification time never checked.
#  File has not been updated.

# Not a target:
src/routes/+error.svelte:
#  Implicit rule search has not been done.
#  Modification time never checked.
#  File has not been updated.

# Not a target:
src/components/elements/button/login.svelte:
#  Implicit rule search has not been done.
#  Modification time never checked.
#  File has not been updated.

.PHONY: dev serve check format clean distclean
#  Implicit rule search has not been done.
#  Modification time never checked.
#  File has not been updated.

# Not a target:
src/components/elements/button/mode.svelte:
#  Implicit rule search has not been done.
#  Modification time never checked.
#  File has not been updated.

# Not a target:
src/pages/transfer/status/quantity.svelte:
#  Implicit rule search has not been done.
#  Modification time never checked.
#  File has not been updated.

# Not a target:
src/pages/resources/components/state/prices.svelte:
#  Implicit rule search has not been done.
#  Modification time never checked.
#  File has not been updated.

 
# Not a target:
src/config.ts:
#  Implicit rule search has not been done.
#  Modification time never checked.
#  File has not been updated.

# Not a target:
src/pages/resources/pages/cpu/powerup.svelte:
#  Implicit rule search has not been done.
#  Modification time never checked.
#  File has not been updated.

# Not a target:
src/pages/resources/components/forms/fuel.svelte:
#  Implicit rule search has not been done.
#  Modification time never checked.
#  File has not been updated.

# Not a target:
src/pages/resources/pages/cpu/staking.svelte:
#  Implicit rule search has not been done.
#  Modification time never checked.
#  File has not been updated.

# Not a target:
src/components/elements/unicove.svelte:
#  Implicit rule search has not been done.
#  Modification time never checked.
#  File has not been updated.

# Not a target:
src/pages/_components/buttons.svelte:
#  Implicit rule search has not been done.
#  Modification time never checked.
#  File has not been updated.

# Not a target:
src/stores/tokens.ts:
#  Implicit rule search has not been done.
#  Modification time never checked.
#  File has not been updated.

# Not a target:
src/components/elements/input/validators/publicKey.ts:
#  Implicit rule search has not been done.
#  Modification time never checked.
#  File has not been updated.

# Not a target:
yarn.lock:
#  Implicit rule search has not been done.
#  Modification time never checked.
#  File has not been updated.

# Not a target:
src/pages/resources/components/state/cpu.svelte:
#  Implicit rule search has not been done.
#  Modification time never checked.
#  File has not been updated.

# Not a target:
src/pages/transfer/step/recipient.svelte:
#  Implicit rule search has not been done.
#  Modification time never checked.
#  File has not been updated.

# files hash-table stats:
# Load=170/1024=17%, Rehash=0, Collisions=40/360=11%
# VPATH Search Paths

# No 'vpath' search paths.

# No general ('VPATH' variable) search path.

# strcache buffers: 1 (0) / strings = 188 / storage = 6051 B / avg = 32 B
# current buf: size = 8162 B / used = 6051 B / count = 188 / avg = 32 B

# strcache performance: lookups = 230 / hit rate = 18%
# hash-table stats:
# Load=188/8192=2%, Rehash=0, Collisions=1/230=0%
# Finished Make data base on Wed Sep 28 08:49:48 2022

 
